"../../../Engine/Content/EngineMaterials/T_Default_Material_Grid_N.uasset" 0
"../../../Engine/Content/EngineMaterials/T_Default_Material_Grid_M.uasset" 1
"../../../Engine/Content/Functions/Engine_MaterialFunctions01/Opacity/CameraDepthFade.uasset" 2
"../../../Engine/Content/EngineMaterials/WorldGridMaterial.uasset" 3
"../../../Engine/Content/ArtTools/RenderToTexture/Meshes/S_1_Unit_Plane.uasset" 4
"../../../Engine/Content/EngineMaterials/DefaultMaterial.uasset" 5
"../../../Engine/Content/BasicShapes/Cone.uasset" 6
"../../../Engine/Content/BasicShapes/Cube.uasset" 7
"../../../Engine/Content/BasicShapes/Sphere.uasset" 8
"../../../Engine/Content/EngineMaterials/DefaultPhysicalMaterial.uasset" 9
"../../../Engine/Content/BufferVisualization/AmbientOcclusion.uasset" 10
"../../../Engine/Content/Functions/Engine_MaterialFunctions02/Utility/AppendMany.uasset" 11
"../../../Engine/Content/BufferVisualization/Anisotropy.uasset" 12
"../../../Engine/Content/BufferVisualization/BaseColor.uasset" 13
"../../../Engine/Content/BufferVisualization/CustomDepth.uasset" 14
"../../../Engine/Content/Functions/Engine_MaterialFunctions02/Utility/VectorLength.uasset" 15
"../../../Engine/Content/BufferVisualization/CustomDepthWorldUnits.uasset" 16
"../../../Engine/Content/Functions/Engine_MaterialFunctions02/Utility/BreakOutFloat2Components.uasset" 17
"../../../Engine/Content/Functions/Engine_MaterialFunctions01/Texturing/ScaleUVsByCenter.uasset" 18
"../../../Engine/Content/EngineMaterials/MiniFont.uasset" 19
"../../../Engine/Content/Functions/Engine_MaterialFunctions02/Utility/MakeFloat3.uasset" 20
"../../../Engine/Content/Functions/Engine_MaterialFunctions02/Utility/MakeFloat2.uasset" 21
"../../../Engine/Content/Functions/Engine_MaterialFunctions02/ScreenResolution.uasset" 22
"../../../Engine/Content/Functions/Engine_MaterialFunctions02/Texturing/ScreenAlignedUVs.uasset" 23
"../../../Engine/Content/BufferVisualization/CustomStencil.uasset" 24
"../../../Engine/Content/BufferVisualization/FinalImage.uasset" 25
"../../../Engine/Content/BufferVisualization/LightingModel.uasset" 26
"../../../Engine/Content/BufferVisualization/MaterialAO.uasset" 27
"../../../Engine/Content/BufferVisualization/Metallic.uasset" 28
"../../../Engine/Content/BufferVisualization/Opacity.uasset" 29
"../../../Engine/Content/BufferVisualization/PostTonemapHDRColor.uasset" 30
"../../../Engine/Content/BufferVisualization/PreTonemapHDRColor.uasset" 31
"../../../Engine/Content/BufferVisualization/Roughness.uasset" 32
"../../../Engine/Content/BufferVisualization/SceneColor.uasset" 33
"../../../Engine/Content/BufferVisualization/SceneDepth.uasset" 34
"../../../Engine/Content/BufferVisualization/SceneDepthWorldUnits.uasset" 35
"../../../Engine/Content/BufferVisualization/SeparateTranslucencyA.uasset" 36
"../../../Engine/Content/BufferVisualization/SeparateTranslucencyRGB.uasset" 37
"../../../Engine/Content/BufferVisualization/Specular.uasset" 38
"../../../Engine/Content/BufferVisualization/SubsurfaceColor.uasset" 39
"../../../Engine/Content/BufferVisualization/Velocity.uasset" 40
"../../../Engine/Content/BufferVisualization/WorldNormal.uasset" 41
"../../../Engine/Content/BufferVisualization/WorldTangent.uasset" 42
"../../../Engine/Content/EditorLandscapeResources/DataLayer.uasset" 43
"../../../Engine/Content/EditorLandscapeResources/DefaultAlphaTexture.uasset" 44
"../../../Engine/Content/EditorLandscapeResources/LandscapeGizmoHeight_Mat.uasset" 45
"../../../Engine/Content/EditorLandscapeResources/LandscapeGizmo_Mat.uasset" 46
"../../../Engine/Content/EditorLandscapeResources/LandscapeGizmo_Mat_Copied.uasset" 47
"../../../Engine/Content/EditorLandscapeResources/SplineEditorMeshMat.uasset" 48
"../../../Engine/Content/EditorLandscapeResources/SplineEditorMesh.uasset" 49
"../../../Engine/Content/EditorMaterials/Cross.uasset" 50
"../../../Engine/Content/EditorMaterials/Cross_Mat.uasset" 51
"../../../Engine/Content/EngineMaterials/DefaultDiffuse.uasset" 52
"../../../Engine/Content/Functions/Engine_MaterialFunctions01/Texturing/TextureCropping.uasset" 53
"../../../Engine/Content/Functions/Engine_MaterialFunctions01/Texturing/ComputeMipLevel.uasset" 54
"../../../Engine/Content/Functions/Engine_MaterialFunctions02/ExampleContent/Textures/DebugNumberPeriod.uasset" 55
"../../../Engine/Content/Functions/Engine_MaterialFunctions02/ExampleContent/DebugNumberStrip.uasset" 56
"../../../Engine/Content/Functions/Engine_MaterialFunctions02/Utility/DebugScalarValues.uasset" 57
"../../../Engine/Content/Functions/Engine_MaterialFunctions02/Utility/DebugFloat2Values.uasset" 58
"../../../Engine/Content/Functions/Engine_MaterialFunctions02/ExampleContent/Textures/flipbook.uasset" 59
"../../../Engine/Content/Functions/Engine_MaterialFunctions02/Texturing/FlipBook.uasset" 60
"../../../Engine/Content/EditorResources/T_EditorHelp.uasset" 61
"../../../Engine/Content/Functions/Engine_MaterialFunctions02/Utility/Sign.uasset" 62
"../../../Engine/Content/Functions/Engine_MaterialFunctions02/Utility/Round.uasset" 63
"../../../Engine/Content/EditorMaterials/HelpActorMaterial.uasset" 64
"../../../Engine/Content/Functions/Engine_MaterialFunctions03/Procedurals/ComputeFilterWidth.uasset" 65
"../../../Engine/Content/EngineMaterials/BlendFunc_DefBlend.uasset" 66
"../../../Engine/Content/EngineMaterials/BlendFunc_DefBase.uasset" 67
"../../../Engine/Content/Functions/Engine_MaterialFunctions03/Blends/Blend_Screen.uasset" 68
"../../../Engine/Content/EditorMaterials/TilingAALineIntegral.uasset" 69
"../../../Engine/Content/EditorMaterials/TilingAALineBoxFiltered.uasset" 70
"../../../Engine/Content/EditorMaterials/TilingAAGrid.uasset" 71
"../../../Engine/Content/EditorMaterials/TilingAADots.uasset" 72
"../../../Engine/Content/EditorMaterials/CompositeARGBLayer.uasset" 73
"../../../Engine/Content/EditorMaterials/LevelGridMaterial.uasset" 74
"../../../Engine/Content/EditorResources/LevelGrid1DStripes.uasset" 75
"../../../Engine/Content/EditorMaterials/TextureGridCascaded1D.uasset" 76
"../../../Engine/Content/EditorMaterials/TextureGridCascaded2D.uasset" 77
"../../../Engine/Content/EditorMaterials/MakeCompositeARGBLayer.uasset" 78
"../../../Engine/Content/EditorMaterials/LevelGridMaterial2.uasset" 79
"../../../Engine/Content/EditorMaterials/MAT_Groups_Toggle.uasset" 80
"../../../Engine/Content/EditorMaterials/MAT_Groups_Visibility.uasset" 81
"../../../Engine/Content/EditorMaterials/PhAT_BoneSelectedMaterial.uasset" 82
"../../../Engine/Content/EditorMaterials/PhAT_ElemSelectedMaterial.uasset" 83
"../../../Engine/Content/EditorMaterials/PhAT_NoCollisionMaterial.uasset" 84
"../../../Engine/Content/EditorMaterials/PhAT_UnselectedMaterial.uasset" 85
"../../../Engine/Content/EditorMaterials/PreviewShadowIndicator.uasset" 86
"../../../Engine/Content/EditorMaterials/PreviewShadowIndicatorMaterial.uasset" 87
"../../../Engine/Content/EditorMaterials/TargetIcon.uasset" 88
"../../../Engine/Content/EditorMaterials/Tick.uasset" 89
"../../../Engine/Content/EditorMaterials/Tick_Mat.uasset" 90
"../../../Engine/Content/EditorMaterials/WidgetGridVertexColorMaterial.uasset" 91
"../../../Engine/Content/EditorMaterials/WidgetGridVertexColorMaterial_Ma.uasset" 92
"../../../Engine/Content/EditorMaterials/WidgetMaterial.uasset" 93
"../../../Engine/Content/EditorMaterials/WidgetMaterial_Current.uasset" 94
"../../../Engine/Content/EditorMaterials/WidgetMaterial_X.uasset" 95
"../../../Engine/Content/EditorMaterials/WidgetMaterial_Y.uasset" 96
"../../../Engine/Content/EditorMaterials/WidgetMaterial_Z.uasset" 97
"../../../Engine/Content/EditorMaterials/WidgetVertexColorMaterial.uasset" 98
"../../../Engine/Content/EditorMaterials/MatineeGroups/MAT_ColorTrack.uasset" 99
"../../../Engine/Content/EditorMaterials/MatineeGroups/MAT_Groups_Anim.uasset" 100
"../../../Engine/Content/EditorMaterials/MatineeGroups/MAT_Groups_AudioMaster.uasset" 101
"../../../Engine/Content/EditorMaterials/MatineeGroups/MAT_Groups_Director.uasset" 102
"../../../Engine/Content/EditorMaterials/MatineeGroups/MAT_Groups_Event.uasset" 103
"../../../Engine/Content/EditorMaterials/MatineeGroups/MAT_Groups_Fade.uasset" 104
"../../../Engine/Content/EditorMaterials/MatineeGroups/MAT_Groups_Float.uasset" 105
"../../../Engine/Content/EditorMaterials/MatineeGroups/MAT_Groups_Move.uasset" 106
"../../../Engine/Content/EditorMaterials/MatineeGroups/MAT_Groups_Slomo.uasset" 107
"../../../Engine/Content/EditorMaterials/MatineeGroups/MAT_Groups_Sound.uasset" 108
"../../../Engine/Content/EditorMaterials/MatineeGroups/MAT_Groups_Vector.uasset" 109
"../../../Engine/Content/EditorMaterials/ParticleSystems/PSysThumbnail_NoImage.uasset" 110
"../../../Engine/Content/EditorMaterials/ParticleSystems/PSysThumbnail_OOD.uasset" 111
"../../../Engine/Content/EngineMaterials/Grid.uasset" 112
"../../../Engine/Content/EditorMaterials/Thumbnails/FloorPlaneMaterial.uasset" 113
"../../../Engine/Content/EditorMeshes/EditorCube.uasset" 114
"../../../Engine/Content/EditorMeshes/EditorCylinder.uasset" 115
"../../../Engine/Content/EditorMeshes/EditorPlane.uasset" 116
"../../../Engine/Content/EditorMaterials/Thumbnails/SkySphereMaterial.uasset" 117
"../../../Engine/Content/EditorMeshes/EditorSkySphere.uasset" 118
"../../../Engine/Content/EditorMeshes/EditorSphere.uasset" 119
"../../../Engine/Content/EditorResources/MatineeCam_D.uasset" 120
"../../../Engine/Content/EditorMaterials/MatineeCam_mat.uasset" 121
"../../../Engine/Content/EditorMeshes/MatineeCam_SM.uasset" 122
"../../../Engine/Content/EditorMeshes/PlanarReflectionPlane.uasset" 123
"../../../Engine/Content/EngineDebugMaterials/M_SimpleOpaque.uasset" 124
"../../../Engine/Content/EditorMaterials/Camera/MI_CineMat_CamViewFinder.uasset" 125
"../../../Engine/Content/EditorMaterials/Camera/CineMat.uasset" 126
"../../../Engine/Content/EditorMaterials/Camera/MI_CineMat_CameraBody.uasset" 127
"../../../Engine/Content/EditorMeshes/Camera/SM_CineCam.uasset" 128
"../../../Engine/Content/EditorMaterials/Camera/MI_CineMat_Rig.uasset" 129
"../../../Engine/Content/EditorMeshes/Camera/SM_CraneRig_Arm.uasset" 130
"../../../Engine/Content/EditorMeshes/Camera/SM_CraneRig_Base.uasset" 131
"../../../Engine/Content/EditorMeshes/Camera/SM_CraneRig_Body.uasset" 132
"../../../Engine/Content/EditorMeshes/Camera/SM_CraneRig_Mount.uasset" 133
"../../../Engine/Content/EditorMeshes/Camera/SM_RailRig_Mount.uasset" 134
"../../../Engine/Content/EditorMeshes/Camera/SM_RailRig_Track.uasset" 135
"../../../Engine/Content/EditorMeshes/ColorCalibrator/M_ChromeBall.uasset" 136
"../../../Engine/Content/EditorResources/Bad.uasset" 137
"../../../Engine/Content/EditorResources/BSPVertex.uasset" 138
"../../../Engine/Content/EditorResources/EmptyActor.uasset" 139
"../../../Engine/Content/EditorResources/MatInstActSprite.uasset" 140
"../../../Engine/Content/EditorResources/SceneManager.uasset" 141
"../../../Engine/Content/EditorResources/SmallFont.uasset" 142
"../../../Engine/Content/EditorResources/S_Actor.uasset" 143
"../../../Engine/Content/EditorResources/S_CameraShakeSource.uasset" 144
"../../../Engine/Content/EditorResources/S_DecalActorIcon.uasset" 145
"../../../Engine/Content/EditorResources/S_Emitter.uasset" 146
"../../../Engine/Content/EditorResources/S_ExpoHeightFog.uasset" 147
"../../../Engine/Content/EditorResources/S_FTest.uasset" 148
"../../../Engine/Content/EditorResources/S_KBSJoint.uasset" 149
"../../../Engine/Content/EditorResources/S_KHinge.uasset" 150
"../../../Engine/Content/EditorResources/S_KPrismatic.uasset" 151
"../../../Engine/Content/EditorResources/S_LevelSequence.uasset" 152
"../../../Engine/Content/EditorResources/S_NavP.uasset" 153
"../../../Engine/Content/EditorResources/S_Note.uasset" 154
"../../../Engine/Content/EditorResources/S_Player.uasset" 155
"../../../Engine/Content/EditorResources/S_PortalActorIcon2.uasset" 156
"../../../Engine/Content/EditorResources/S_RadForce.uasset" 157
"../../../Engine/Content/EditorResources/S_ReflActorIcon.uasset" 158
"../../../Engine/Content/EditorResources/S_SkyAtmosphere.uasset" 159
"../../../Engine/Content/EditorResources/S_Solver.uasset" 160
"../../../Engine/Content/EditorResources/S_Terrain.uasset" 161
"../../../Engine/Content/EditorResources/S_TextRenderActorIcon.uasset" 162
"../../../Engine/Content/EditorResources/S_Thruster.uasset" 163
"../../../Engine/Content/EditorResources/S_Trigger.uasset" 164
"../../../Engine/Content/EditorResources/S_VectorFieldVol.uasset" 165
"../../../Engine/Content/EditorResources/S_VolumetricCloud.uasset" 166
"../../../Engine/Content/EditorResources/S_WindDirectional.uasset" 167
"../../../Engine/Content/EditorResources/AI/S_NavLink.uasset" 168
"../../../Engine/Content/EditorResources/LightIcons/SkyLight.uasset" 169
"../../../Engine/Content/EditorResources/LightIcons/S_LightDirectional.uasset" 170
"../../../Engine/Content/EditorResources/LightIcons/S_LightDirectionalMove.uasset" 171
"../../../Engine/Content/EditorResources/LightIcons/S_LightError.uasset" 172
"../../../Engine/Content/EditorResources/LightIcons/S_LightPoint.uasset" 173
"../../../Engine/Content/EditorResources/LightIcons/S_LightPointMove.uasset" 174
"../../../Engine/Content/EditorResources/LightIcons/S_LightSpot.uasset" 175
"../../../Engine/Content/EditorResources/LightIcons/S_LightSpotMove.uasset" 176
"../../../Engine/Content/EditorResources/SequenceRecorder/Countdown.uasset" 177
"../../../Engine/Content/EditorResources/SequenceRecorder/RecordingIndicator.uasset" 178
"../../../Engine/Content/EditorResources/Spline/T_Loft_Spline.uasset" 179
"../../../Engine/Content/EditorSounds/Notifications/CompileSuccess.uasset" 180
"../../../Engine/Content/EditorSounds/Notifications/CompileStart_Cue.uasset" 181
"../../../Engine/Content/EngineDamageTypes/DmgTypeBP_Environmental.uasset" 182
"../../../Engine/Content/EngineDebugMaterials/HeatmapGradient.uasset" 183
"../../../Engine/Content/EngineDebugMaterials/BoneWeightMaterial.uasset" 184
"../../../Engine/Content/EngineDebugMaterials/ClothMaterial.uasset" 185
"../../../Engine/Content/EngineDebugMaterials/ClothMaterial_WF.uasset" 186
"../../../Engine/Content/EngineDebugMaterials/DebugEditorMaterial.uasset" 187
"../../../Engine/Content/EngineDebugMaterials/DebugMeshMaterial.uasset" 188
"../../../Engine/Content/EngineDebugMaterials/GeomMaterial.uasset" 189
"../../../Engine/Content/Functions/Engine_MaterialFunctions01/Shading/ConvertFromDiffSpec.uasset" 190
"../../../Engine/Content/EngineDebugMaterials/LevelColorationLitMaterial.uasset" 191
"../../../Engine/Content/EngineDebugMaterials/LevelColorationUnlitMaterial.uasset" 192
"../../../Engine/Content/EngineMaterials/DefaultWhiteGrid.uasset" 193
"../../../Engine/Content/EngineDebugMaterials/MAT_LevelColorationLitLightmapUV.uasset" 194
"../../../Engine/Content/EngineDebugMaterials/M_SimpleUnlitTranslucent.uasset" 195
"../../../Engine/Content/EngineDebugMaterials/VolumeToRender.uasset" 196
"../../../Engine/Content/Functions/Engine_MaterialFunctions02/Utility/CameraDirectionVector.uasset" 197
"../../../Engine/Content/EngineDebugMaterials/M_VolumeRenderSphereTracePP.uasset" 198
"../../../Engine/Content/EngineMaterials/DefaultWhiteGrid_Low.uasset" 199
"../../../Engine/Content/EngineDebugMaterials/PhysicalMaterialMaskMaterial.uasset" 200
"../../../Engine/Content/EngineDebugMaterials/ShadedLevelColorationLitMaterial.uasset" 201
"../../../Engine/Content/EngineDebugMaterials/ShadedLevelColorationUnlitMateri.uasset" 202
"../../../Engine/Content/EngineDebugMaterials/VertexColorMaterial.uasset" 203
"../../../Engine/Content/EngineDebugMaterials/VertexColorViewMode_AlphaAsColor.uasset" 204
"../../../Engine/Content/EngineDebugMaterials/VertexColorViewMode_BlueOnly.uasset" 205
"../../../Engine/Content/EngineDebugMaterials/VertexColorViewMode_ColorOnly.uasset" 206
"../../../Engine/Content/EngineDebugMaterials/VertexColorViewMode_GreenOnly.uasset" 207
"../../../Engine/Content/EngineDebugMaterials/VertexColorViewMode_RedOnly.uasset" 208
"../../../Engine/Content/EngineDebugMaterials/WireframeMaterial.uasset" 209
"../../../Engine/Content/EngineFonts/Faces/RobotoRegular.uasset" 210
"../../../Engine/Content/EngineFonts/Faces/RobotoLight.uasset" 211
"../../../Engine/Content/EngineFonts/Faces/RobotoItalic.uasset" 212
"../../../Engine/Content/EngineFonts/Faces/RobotoBoldItalic.uasset" 213
"../../../Engine/Content/EngineFonts/Faces/RobotoBold.uasset" 214
"../../../Engine/Content/EngineFonts/Faces/DroidSansFallback.uasset" 215
"../../../Engine/Content/EngineFonts/Roboto.uasset" 216
"../../../Engine/Content/EngineFonts/Faces/RobotoTiny.uasset" 217
"../../../Engine/Content/EngineFonts/RobotoTiny.uasset" 218
"../../../Engine/Content/EngineFonts/SmallFont.uasset" 219
"../../../Engine/Content/EngineFonts/TinyFont.uasset" 220
"../../../Engine/Content/EngineResources/WhiteSquareTexture.uasset" 221
"../../../Engine/Content/EngineMaterials/BlinkingCaret.uasset" 222
"../../../Engine/Content/EngineMaterials/BlueNoise.uasset" 223
"../../../Engine/Content/EngineMaterials/DefaultBloomKernel.uasset" 224
"../../../Engine/Content/EngineMaterials/DefaultBokeh.uasset" 225
"../../../Engine/Content/EngineMaterials/DefaultDeferredDecalMaterial.uasset" 226
"../../../Engine/Content/EngineMaterials/DefaultLightFunctionMaterial.uasset" 227
"../../../Engine/Content/EngineMaterials/DefaultNormal.uasset" 228
"../../../Engine/Content/EngineMaterials/DefaultPostProcessMaterial.uasset" 229
"../../../Engine/Content/EngineFonts/RobotoDistanceField.uasset" 230
"../../../Engine/Content/EngineMaterials/DefaultTextMaterialOpaque.uasset" 231
"../../../Engine/Content/EngineMaterials/EditorBrushMaterial.uasset" 232
"../../../Engine/Content/EngineMaterials/EmissiveMeshMaterial.uasset" 233
"../../../Engine/Content/EngineMaterials/GizmoMaterial.uasset" 234
"../../../Engine/Content/EngineMaterials/Good64x64TilingNoiseHighFreq.uasset" 235
"../../../Engine/Content/EngineMaterials/Grid_N.uasset" 236
"../../../Engine/Content/EngineMaterials/HighResolutionScreenshotMaskFunction.uasset" 237
"../../../Engine/Content/EngineMaterials/HighResScreenshot.uasset" 238
"../../../Engine/Content/EngineMaterials/HighResScreenshotCaptureRegion.uasset" 239
"../../../Engine/Content/EngineMaterials/HighResScreenshotMask.uasset" 240
"../../../Engine/Content/EngineMaterials/LandscapeHolePhysicalMaterial.uasset" 241
"../../../Engine/Content/EngineMaterials/InvalidLightmapSettings.uasset" 242
"../../../Engine/Content/EngineMaterials/M_InvalidLightmapSettings.uasset" 243
"../../../Engine/Content/EngineMaterials/PaperDiffuse.uasset" 244
"../../../Engine/Content/EngineMaterials/PaperNormal.uasset" 245
"../../../Engine/Content/Functions/Engine_MaterialFunctions02/WorldPositionOffset/CameraOffset.uasset" 246
"../../../Engine/Content/EngineMaterials/PhAT_JointLimitMaterial.uasset" 247
"../../../Engine/Content/EngineMaterials/PhysMat_Rubber.uasset" 248
"../../../Engine/Content/EngineMaterials/PreintegratedSkinBRDF.uasset" 249
"../../../Engine/Content/EngineMaterials/RemoveSurfaceMaterial.uasset" 250
"../../../Engine/Content/EngineMaterials/WeightMapPlaceholderTexture.uasset" 251
"../../../Engine/Content/Functions/Engine_MaterialFunctions02/Utility/BreakOutFloat3Components.uasset" 252
"../../../Engine/Content/Functions/Engine_MaterialFunctions01/ImageAdjustment/sRGBToLinear.uasset" 253
"../../../Engine/Content/EngineMaterials/Widget3DCameraPassThrough_Opaque_OneSided.uasset" 254
"../../../Engine/Content/EngineMaterials/Widget3DPassThrough.uasset" 255
"../../../Engine/Content/EngineMaterials/Widget3DPassThrough_Masked.uasset" 256
"../../../Engine/Content/EngineMaterials/Widget3DPassThrough_Opaque.uasset" 257
"../../../Engine/Content/EngineMaterials/Widget3DPassThrough_Masked_OneSided.uasset" 258
"../../../Engine/Content/EngineMaterials/Widget3DPassThrough_Opaque_OneSided.uasset" 259
"../../../Engine/Content/EngineMaterials/Widget3DPassThrough_Translucent.uasset" 260
"../../../Engine/Content/EngineMaterials/Widget3DPassThrough_Translucent_OneSided.uasset" 261
"../../../Engine/Content/EngineMeshes/Cylinder.uasset" 262
"../../../Engine/Content/EngineMeshes/Sphere.uasset" 263
"../../../Engine/Content/EngineResources/Black.uasset" 264
"../../../Engine/Content/EngineResources/DefaultTextureCube.uasset" 265
"../../../Engine/Content/EngineResources/DefaultVolumeTexture2D.uasset" 266
"../../../Engine/Content/EngineResources/DefaultVolumeTexture.uasset" 267
"../../../Engine/Content/EngineResources/GradientTexture0.uasset" 268
"../../../Engine/Content/EngineResources/StreamingPauseIcon.uasset" 269
"../../../Engine/Content/EngineResources/M_StreamingPause.uasset" 270
"../../../Engine/Content/EngineSky/VolumetricClouds/T_NoiseShape64.uasset" 271
"../../../Engine/Content/EngineSky/VolumetricClouds/T_VolumeNoiseShape64.uasset" 272
"../../../Engine/Content/EngineSky/VolumetricClouds/T_NoiseErosion.uasset" 273
"../../../Engine/Content/EngineSky/VolumetricClouds/T_VolumeNoiseErosion32.uasset" 274
"../../../Engine/Content/EngineSky/VolumetricClouds/CloudWeatherTexture.uasset" 275
"../../../Engine/Content/EngineSky/VolumetricClouds/CloudGradientTexture.uasset" 276
"../../../Engine/Content/EngineSky/VolumetricClouds/m_SimpleVolumetricCloud.uasset" 277
"../../../Engine/Content/EngineSky/VolumetricClouds/m_SimpleVolumetricCloud_Inst.uasset" 278
"../../../Engine/Content/EngineSounds/Master.uasset" 279
"../../../Engine/Content/Functions/Engine_MaterialFunctions01/Shading/PowerToRoughness.uasset" 280
"../../../Engine/Content/Maps/Templates/Thumbnails/Default.uasset" 281
"../../../Engine/Content/Maps/Templates/Thumbnails/TimeOfDay.uasset" 282
"../../../Engine/Content/Maps/Templates/Thumbnails/VR-Basic.uasset" 283
"../../../Engine/Content/MapTemplates/Sky/DaylightAmbientCubemap.uasset" 284
"../../../Engine/Content/MobileResources/T_MobileControls_texture.uasset" 285
"../../../Engine/Content/MobileResources/T_MobileMenu2.uasset" 286
"../../../Engine/Content/MobileResources/HUD/AnalogHat.uasset" 287
"../../../Engine/Content/MobileResources/HUD/VirtualJoystick_Thumb.uasset" 288
"../../../Engine/Content/MobileResources/HUD/VirtualJoystick_Background.uasset" 289
"../../../Engine/Content/MobileResources/HUD/DefaultVirtualJoysticks.uasset" 290
"../../../Engine/Content/MobileResources/HUD/LeftVirtualJoystickOnly.uasset" 291
"../../../Engine/Content/MobileResources/HUD/MobileHUDButton1_off.uasset" 292
"../../../Engine/Content/MobileResources/HUD/MobileHUDButton1_on.uasset" 293
"../../../Engine/Content/MobileResources/HUD/MobileHUDButton2_off.uasset" 294
"../../../Engine/Content/MobileResources/HUD/MobileHUDButton2_on.uasset" 295
"../../../Engine/Content/MobileResources/HUD/MobileHUDButton3.uasset" 296
"../../../Engine/Content/MobileResources/HUD/MobileHUDButtonFire.uasset" 297
"../../../Engine/Content/MobileResources/HUD/MobileHUDDirectionPad.uasset" 298
"../../../Engine/Content/MobileResources/HUD/MobileHUDDirectionPad2.uasset" 299
"../../../Engine/Content/MobileResources/HUD/MobileHUDDirectionPad3.uasset" 300
"../../../Engine/Content/MobileResources/HUD/MobileHUDDirectionStick.uasset" 301
"../../../Engine/Content/MobileResources/HUD/T_Castle_ThumbstickInner.uasset" 302
"../../../Engine/Content/MobileResources/HUD/T_Castle_ThumbstickOutter.uasset" 303
"../../../Engine/Content/Tutorial/ContentIntroCurve.uasset" 304
"../../../Engine/Content/Tutorial/Basics/LevelEditorAttract.uasset" 305
"../../../Engine/Content/Tutorial/Basics/TutorialAssets/icon_tab_Levels_40x.uasset" 306
"../../../Engine/Content/Tutorial/Basics/LevelEditorOverview.uasset" 307
"../../../Engine/Content/VREditor/TransformGizmo/TranslucentTransformGizmoMaterial.uasset" 308
"../../../Engine/Content/VREditor/LaserPointer/VR_LaserPower_01.uasset" 309
"../../../Engine/Content/VREditor/TransformGizmo/TransformGizmoMaterial.uasset" 310
"../../../Engine/Content/VREditor/TransformGizmo/BoundingBoxCorner.uasset" 311
"../../../Engine/Content/VREditor/TransformGizmo/BoundingBoxEdge.uasset" 312
"../../../Engine/Content/VREditor/TransformGizmo/PlaneTranslationHandle.uasset" 313
"../../../Engine/Content/VREditor/TransformGizmo/Xray.uasset" 314
"../../../Engine/Content/VREditor/TransformGizmo/Main.uasset" 315
"../../../Engine/Content/VREditor/TransformGizmo/SM_Sequencer_Key.uasset" 316
"../../../Engine/Content/VREditor/TransformGizmo/SM_Sequencer_Node.uasset" 317
"C:/Users/Admin/Documents/projetDecouverte/ProjetExplorateur/Content/Sprite/Character/Perso_projet_project_explorer.uasset" 318
"../../Plugins/2D/Paper2D/Content/PlaceholderTextures/FlatNormalMap.uasset" 319
"../../Plugins/2D/Paper2D/Content/PlaceholderTextures/DummySpriteTexture.uasset" 320
"../../Plugins/2D/Paper2D/Content/DefaultLitSpriteMaterial.uasset" 321
"C:/Users/Admin/Documents/projetDecouverte/ProjetExplorateur/Content/Sprite/Character/Perso_ProjetExplorateur_Sprite.uasset" 322
"C:/Users/Admin/Documents/projetDecouverte/ProjetExplorateur/Content/Pawn/PawnExplorateur.uasset" 323
"C:/Users/Admin/Documents/projetDecouverte/ProjetExplorateur/Content/BluePrints/EventOnClick/BP_ActorClickGamePlayer.uasset" 324
"C:/Users/Admin/Documents/projetDecouverte/ProjetExplorateur/Content/BluePrints/EventOnClick/BP_ActorClickGameMode.uasset" 325
"C:/Users/Admin/Documents/projetDecouverte/ProjetExplorateur/Content/Input/TouchInterfaceExplorateur.uasset" 326
"C:/Users/Admin/Documents/projetDecouverte/ProjetExplorateur/Content/Sprite/Icones/Icone_vie.uasset" 327
"C:/Users/Admin/Documents/projetDecouverte/ProjetExplorateur/Content/Sprite/UI/Interface.uasset" 328
"C:/Users/Admin/Documents/projetDecouverte/ProjetExplorateur/Content/Sprite/UI/bouton_select.uasset" 329
"C:/Users/Admin/Documents/projetDecouverte/ProjetExplorateur/Content/Sprite/UI/bouton_select_Sprite.uasset" 330
"C:/Users/Admin/Documents/projetDecouverte/ProjetExplorateur/Content/Sprite/UI/bouton_on.uasset" 331
"C:/Users/Admin/Documents/projetDecouverte/ProjetExplorateur/Content/Sprite/UI/bouton_on_Sprite.uasset" 332
"C:/Users/Admin/Documents/projetDecouverte/ProjetExplorateur/Content/Sprite/UI/Bouton.uasset" 333
"C:/Users/Admin/Documents/projetDecouverte/ProjetExplorateur/Content/Sprite/Icones/vie_vide.uasset" 334
"C:/Users/Admin/Documents/projetDecouverte/ProjetExplorateur/Content/Sprite/Icones/vie_full.uasset" 335
"C:/Users/Admin/Documents/projetDecouverte/ProjetExplorateur/Content/Sprite/Icones/vie_barvide.uasset" 336
"C:/Users/Admin/Documents/projetDecouverte/ProjetExplorateur/Content/Sprite/UI/Icones/icon_shield.uasset" 337
"../../Plugins/2D/Paper2D/Content/DefaultSpriteMaterial.uasset" 338
"../../Plugins/2D/Paper2D/Content/TranslucentUnlitSpriteMaterial.uasset" 339
"C:/Users/Admin/Documents/projetDecouverte/ProjetExplorateur/Content/Sprite/UI/Icones/icon_shield_Sprite.uasset" 340
"C:/Users/Admin/Documents/projetDecouverte/ProjetExplorateur/Content/Sprite/batteryUI/Batterie_Vide2.uasset" 341
"C:/Users/Admin/Documents/projetDecouverte/ProjetExplorateur/Content/Sprite/batteryUI/Batterie_Vide.uasset" 342
"C:/Users/Admin/Documents/projetDecouverte/ProjetExplorateur/Content/Sprite/batteryUI/Batterie_pleine.uasset" 343
"C:/Users/Admin/Documents/projetDecouverte/ProjetExplorateur/Content/FX/FX_Fade/FX_Focus/focus_3.uasset" 344
"C:/Users/Admin/Documents/projetDecouverte/ProjetExplorateur/Content/FX/FX_Fade/FX_Focus/focus_2.uasset" 345
"C:/Users/Admin/Documents/projetDecouverte/ProjetExplorateur/Content/FX/FX_Fade/FX_Focus/focus.uasset" 346
"C:/Users/Admin/Documents/projetDecouverte/ProjetExplorateur/Content/Sprite/UI/Interface_Sprite.uasset" 347
"C:/Users/Admin/Documents/projetDecouverte/ProjetExplorateur/Content/Sprite/UI/Bouton_Sprite.uasset" 348
"C:/Users/Admin/Documents/projetDecouverte/ProjetExplorateur/Content/FX/FX_Fade/Fade.uasset" 349
"C:/Users/Admin/Documents/projetDecouverte/ProjetExplorateur/Content/BluePrints/GameInstanceExplorateur.uasset" 350
"C:/Users/Admin/Documents/projetDecouverte/ProjetExplorateur/Content/CharacterExplorateur.uasset" 351
"C:/Users/Admin/Documents/projetDecouverte/ProjetExplorateur/Content/BluePrints/GameModeExplorateur.uasset" 352
"C:/Users/Admin/Documents/projetDecouverte/ProjetExplorateur/Content/FX/FX_Vignettage/VignettageBlood/vignettage_photoshop_blood.uasset" 353
"C:/Users/Admin/Documents/projetDecouverte/ProjetExplorateur/Content/FX/FX_Vignettage/VignettageBlood/VignettageBlood.uasset" 354
"C:/Users/Admin/Documents/projetDecouverte/ProjetExplorateur/Content/UI/WBP_InGameUI.uasset" 355
"C:/Users/Admin/Documents/projetDecouverte/ProjetExplorateur/Content/UI/CharacterHUD.uasset" 356
"../../Plugins/2D/Paper2D/Content/DummySprite.uasset" 357
"../../Plugins/2D/Paper2D/Content/DefaultPaperTerrainMaterial.uasset" 358
"../../Plugins/2D/Paper2D/Content/MaskedUnlitSpriteMaterial.uasset" 359
"../../Plugins/2D/Paper2D/Content/OpaqueUnlitSpriteMaterial.uasset" 360
"../../../Engine/Content/Functions/Engine_MaterialFunctions02/ObjectLocalBounds.uasset" 361
"../../Plugins/Editor/SpeedTreeImporter/Content/SpeedTree9/UnpackInteger3.uasset" 362
"../../Plugins/Editor/SpeedTreeImporter/Content/SpeedTree9/UnpackDirection.uasset" 363
"../../Plugins/Editor/SpeedTreeImporter/Content/SpeedTree9/game_wind_noise.uasset" 364
"../../../Engine/Content/Functions/Engine_MaterialFunctions02/SafeNormalize.uasset" 365
"../../Plugins/Editor/SpeedTreeImporter/Content/SpeedTree9/SpeedTreeWindMotion.uasset" 366
"../../Plugins/Editor/SpeedTreeImporter/Content/SpeedTree9/SpeedTreeBranchMotion.uasset" 367
"../../../Engine/Content/Functions/Engine_MaterialFunctions02/UVs/BoundingBoxBased_0-1_UVW.uasset" 368
"../../Plugins/Editor/SpeedTreeImporter/Content/SpeedTree9/SpeedTreeWind.uasset" 369
"../../Plugins/Editor/SpeedTreeImporter/Content/SpeedTree9/SpeedTreeBillboard.uasset" 370
"../../../Engine/Content/EngineResources/DefaultTexture.uasset" 371
"../../Plugins/Editor/SpeedTreeImporter/Content/SpeedTree9/SpeedTreeBillboardMaster.uasset" 372
"../../Plugins/Editor/SpeedTreeImporter/Content/SpeedTree9/SpeedTreeCameraFacing.uasset" 373
"../../Plugins/Editor/SpeedTreeImporter/Content/SpeedTree9/SpeedTreeMaster.uasset" 374
"../../Plugins/FX/Niagara/Content/Enums/ENiagaraOrientationAxis.uasset" 375
"../../Plugins/FX/Niagara/Content/Icons/S_ParticleSystem.uasset" 376
"../../../Engine/Content/BasicShapes/Cylinder.uasset" 377
"../../../Engine/Content/ArtTools/RenderToTexture/Materials/Debug/M_Emissive_Color.uasset" 378
"../../Plugins/Lumin/MagicLeapPassableWorld/Content/MagicLeapARPinInfoActor.uasset" 379
"../../../Engine/Content/Functions/Engine_MaterialFunctions02/Utility/BreakOutFloat4Components.uasset" 380
"../../Plugins/Runtime/Oculus/OculusVR/Content/Materials/OculusMR_ChromaKey.uasset" 381
"../../Plugins/Runtime/Oculus/OculusVR/Content/Materials/OculusMR_OpaqueColoredMaterial.uasset" 382
"../../Plugins/Runtime/Oculus/OculusVR/Content/Materials/PokeAHoleMaterial.uasset" 383
"../../../Engine/Content/Maps/Entry_BuiltData.uasset" 384
"../../../Engine/Content/Maps/Entry.umap" 385
"C:/Users/Admin/Documents/projetDecouverte/ProjetExplorateur/Content/UI/BP_GameoverUI.uasset" 386
"C:/Users/Admin/Documents/projetDecouverte/ProjetExplorateur/Content/Level/GameOver.umap" 387
"C:/Users/Admin/Documents/projetDecouverte/ProjetExplorateur/Content/UI/Option.uasset" 388
"C:/Users/Admin/Documents/projetDecouverte/ProjetExplorateur/Content/UI/MainMenu.uasset" 389
"C:/Users/Admin/Documents/projetDecouverte/ProjetExplorateur/Content/Level/MainMenu.umap" 390
"C:/Users/Admin/Documents/projetDecouverte/ProjetExplorateur/Content/UI/BP_WinUI.uasset" 391
"C:/Users/Admin/Documents/projetDecouverte/ProjetExplorateur/Content/Level/WinScreen.umap" 392
"C:/Users/Admin/Documents/projetDecouverte/ProjetExplorateur/Content/Sprite/Tiles/Tilset/c_est_le_bon.uasset" 393
"C:/Users/Admin/Documents/projetDecouverte/ProjetExplorateur/Content/Sprite/Tiles/Tilset/BonTilset.uasset" 394
"C:/Users/Admin/Documents/projetDecouverte/ProjetExplorateur/Content/Sprite/Tiles/TilesMap/Tableau_C2.uasset" 395
"C:/Users/Admin/Documents/projetDecouverte/ProjetExplorateur/Content/Sprite/BackGround/Background_Test_Forest_Ethan.uasset" 396
"C:/Users/Admin/Documents/projetDecouverte/ProjetExplorateur/Content/Sprite/BackGround/BackGround_forest_.uasset" 397
"C:/Users/Admin/Documents/projetDecouverte/ProjetExplorateur/Content/Map/TableauC2_BuiltData.uasset" 398
"C:/Users/Admin/Documents/projetDecouverte/ProjetExplorateur/Content/Sprite/Plante_2/Plante_Blue.uasset" 399
"C:/Users/Admin/Documents/projetDecouverte/ProjetExplorateur/Content/Sprite/Plante_2/Plante_Blue_Sprite.uasset" 400
"C:/Users/Admin/Documents/projetDecouverte/ProjetExplorateur/Content/Sprite/Plant1/PlantOne.uasset" 401
"C:/Users/Admin/Documents/projetDecouverte/ProjetExplorateur/Content/Sprite/Plant1/PlantOne_Sprite.uasset" 402
"../../Plugins/FX/Niagara/Content/DynamicInputs/TypeConversions/Vector2DFromFloat.uasset" 403
"../../Plugins/FX/Niagara/Content/Enums/ENiagaraRandomnessMode.uasset" 404
"../../Plugins/FX/Niagara/Content/Enums/ENiagaraRandomnessEvaluation.uasset" 405
"../../Plugins/FX/Niagara/Content/Functions/V2/CalculateRandomRange.uasset" 406
"../../Plugins/FX/Niagara/Content/Functions/V2/CalculateRandomRangeFloat.uasset" 407
"../../Plugins/FX/Niagara/Content/Functions/V2/CalculateRandomUnitVector.uasset" 408
"../../Plugins/FX/Niagara/Content/Enums/ENiagaraCoordinateSpace.uasset" 409
"../../Plugins/FX/Niagara/Content/Functions/Localspace/TransformBase.uasset" 410
"../../Plugins/FX/Niagara/Content/Functions/Localspace/TransformVector.uasset" 411
"../../Plugins/FX/Niagara/Content/Functions/DirectionAndLengthSafe.uasset" 412
"../../Plugins/FX/Niagara/Content/DynamicInputs/Random/V2/RandomVector.uasset" 413
"../../Plugins/FX/Niagara/Content/DefaultAssets/DefaultSpriteMaterial.uasset" 414
"../../Plugins/FX/Niagara/Content/Enums/ENiagaraScaleColorMode.uasset" 415
"../../Plugins/FX/Niagara/Content/Enums/ENiagaraInactiveMode.uasset" 416
"../../Plugins/FX/Niagara/Content/Enums/ENiagaraExpansionMode.uasset" 417
"../../Plugins/FX/Niagara/Content/Enums/ENiagaraEmitterScalabilityMode_Limited.uasset" 418
"../../Plugins/FX/Niagara/Content/Enums/ENiagaraEmitterLifeCycleMode.uasset" 419
"../../Plugins/FX/Niagara/Content/Enums/ENiagaraCurlNoiseQuality.uasset" 420
"../../Plugins/FX/Niagara/Content/Enums/ENiagaraChannelCorrelation.uasset" 421
"../../Plugins/FX/Niagara/Content/Enums/ENiagara_UVFlippingMode.uasset" 422
"../../Plugins/FX/Niagara/Content/Enums/ENiagara_SpriteRotationMode.uasset" 423
"../../Plugins/FX/Niagara/Content/Enums/ENiagara_SizeScaleMode.uasset" 424
"../../Plugins/FX/Niagara/Content/Enums/ENiagara_PositionInitializationMode.uasset" 425
"../../Plugins/FX/Niagara/Content/Enums/ENiagara_MassInitializationMode.uasset" 426
"../../Plugins/FX/Niagara/Content/Enums/ENiagara_LifetimeMode.uasset" 427
"../../Plugins/FX/Niagara/Content/Enums/ENiagara_InfiniteLoopDuration.uasset" 428
"../../Plugins/FX/Niagara/Content/Enums/ENiagara_EmitterStateOptions.uasset" 429
"../../Plugins/FX/Niagara/Content/Enums/ENiagara_ColorInitializationMode.uasset" 430
"../../Plugins/FX/Niagara/Content/Modules/Update/Size/ScaleSpriteSize.uasset" 431
"../../Plugins/FX/Niagara/Content/Modules/Update/Lifetime/ParticleState.uasset" 432
"../../Plugins/FX/Niagara/Content/Functions/GetRandomInfo.uasset" 433
"../../Plugins/FX/Niagara/Content/Functions/RandomRangeFloat.uasset" 434
"../../Plugins/FX/Niagara/Content/Functions/RandomUnitVector.uasset" 435
"../../Plugins/FX/Niagara/Content/Functions/RandomVector.uasset" 436
"../../Plugins/FX/Niagara/Content/Modules/Update/Forces/VectorNoiseForce.uasset" 437
"../../Plugins/FX/Niagara/Content/VectorFields/Assets/TilingCurl64.uasset" 438
"../../Plugins/FX/Niagara/Content/VectorFields/Assets/TilingCurl32.uasset" 439
"../../Plugins/FX/Niagara/Content/VectorFields/Assets/TilingCurl16.uasset" 440
"../../Plugins/FX/Niagara/Content/Functions/FindAngleBetweenVectors.uasset" 441
"../../Plugins/FX/Niagara/Content/Functions/V2/RemapRange.uasset" 442
"../../Plugins/FX/Niagara/Content/Functions/V2/ConeMask.uasset" 443
"../../Plugins/FX/Niagara/Content/Functions/Localspace/SimulationPosition.uasset" 444
"../../Plugins/FX/Niagara/Content/Modules/Update/Forces/V2/CurlNoiseForce.uasset" 445
"../../Plugins/FX/Niagara/Content/Modules/Update/Color/ScaleColor.uasset" 446
"../../Plugins/FX/Niagara/Content/Modules/Spawn/Velocity/AddVelocity.uasset" 447
"../../Plugins/FX/Niagara/Content/Functions/RandomPointInBox.uasset" 448
"../../Plugins/FX/Niagara/Content/Functions/IsolateLongestVectorComponent.uasset" 449
"../../Plugins/FX/Niagara/Content/Functions/Rotation/RotateAngleOnAxis.uasset" 450
"../../Plugins/FX/Niagara/Content/Modules/Spawn/Location/BoxLocation.uasset" 451
"../../Plugins/FX/Niagara/Content/Functions/LinearColor/HueShiftLinearColor.uasset" 452
"../../Plugins/FX/Niagara/Content/Functions/V2/CalculateRandomRangeInteger.uasset" 453
"../../Plugins/FX/Niagara/Content/Functions/V2/CalculateRandomBool.uasset" 454
"../../Plugins/FX/Niagara/Content/Modules/Spawn/Initialization/V2/InitializeParticle.uasset" 455
"../../Plugins/FX/Niagara/Content/Modules/Solvers/SolveForcesAndVelocity.uasset" 456
"../../Plugins/FX/Niagara/Content/Modules/Emitter/SpawnRate.uasset" 457
"../../Plugins/FX/Niagara/Content/Functions/Emitter/EmitterChangeState.uasset" 458
"../../Plugins/FX/Niagara/Content/Enums/ENiagaraExecutionStateManagement.uasset" 459
"../../Plugins/FX/Niagara/Content/Modules/Emitter/EmitterState.uasset" 460
"../../Plugins/FX/Niagara/Content/DynamicInputs/ValueFromCurve/FloatFromCurve.uasset" 461
"../../Plugins/FX/Niagara/Content/DynamicInputs/UniformRange/V2/RandomRangeFloat.uasset" 462
"../../Plugins/FX/Niagara/Content/DynamicInputs/TypeConversions/VectorFromFloat.uasset" 463
"C:/Users/Admin/Documents/projetDecouverte/ProjetExplorateur/Content/FX/FX_Fireflies/NE_Fireflies_Orange.uasset" 464
"../../Plugins/FX/Niagara/Content/Functions/System/SystemChangeState.uasset" 465
"../../Plugins/FX/Niagara/Content/Enums/ENiagaraSystemInactiveMode.uasset" 466
"../../Plugins/FX/Niagara/Content/Modules/System/SystemState.uasset" 467
"C:/Users/Admin/Documents/projetDecouverte/ProjetExplorateur/Content/FX/FX_Fireflies/NE_Fireflies_Orange_System.uasset" 468
"C:/Users/Admin/Documents/projetDecouverte/ProjetExplorateur/Content/BluePrints/BP_ObjectInterest/GoodPlant1/BPW_UIGoodPlant1.uasset" 469
"C:/Users/Admin/Documents/projetDecouverte/ProjetExplorateur/Content/BluePrints/BP_ObjectInterest/GoodPlant1/BP_Plant1.uasset" 470
"C:/Users/Admin/Documents/projetDecouverte/ProjetExplorateur/Content/BluePrints/BP_ObjectInterest/Plant_2/BPW_UIPlant_2.uasset" 471
"C:/Users/Admin/Documents/projetDecouverte/ProjetExplorateur/Content/BluePrints/BP_ObjectInterest/Plant_2/BP_Plant_2.uasset" 472
"C:/Users/Admin/Documents/projetDecouverte/ProjetExplorateur/Content/Sprite/creature_corspe/Creature_corpse.uasset" 473
"C:/Users/Admin/Documents/projetDecouverte/ProjetExplorateur/Content/Sprite/creature_corspe/Creature_corpse_Sprite.uasset" 474
"../../../Engine/Content/EngineSky/T_Sky_Stars.uasset" 475
"../../../Engine/Content/EngineSky/T_Sky_Clouds_M.uasset" 476
"../../../Engine/Content/EngineSky/T_Sky_Blue.uasset" 477
"../../../Engine/Content/EngineSky/M_Sky_Panning_Clouds2.uasset" 478
"../../../Engine/Content/EditorBlueprintResources/StandardMacros.uasset" 479
"../../../Engine/Content/EngineSky/SM_SkySphere.uasset" 480
"../../../Engine/Content/EngineSky/C_Sky_Zenith_Color.uasset" 481
"../../../Engine/Content/EngineSky/C_Sky_Horizon_Color.uasset" 482
"../../../Engine/Content/EngineSky/C_Sky_Cloud_Color.uasset" 483
"../../../Engine/Content/EngineSky/BP_Sky_Sphere.uasset" 484
"C:/Users/Admin/Documents/projetDecouverte/ProjetExplorateur/Content/Map/TableauC2.umap" 485
"C:/Users/Admin/Documents/projetDecouverte/ProjetExplorateur/Content/Sprite/Tiles/Tile_map_lake_correc.uasset" 486
"C:/Users/Admin/Documents/projetDecouverte/ProjetExplorateur/Content/Sprite/Tiles/TileSetLake.uasset" 487
"C:/Users/Admin/Documents/projetDecouverte/ProjetExplorateur/Content/Sprite/Tiles/TilesMap/Tableau_D2.uasset" 488
"C:/Users/Admin/Documents/projetDecouverte/ProjetExplorateur/Content/Sprite/BackGround/Background_lake.uasset" 489
"C:/Users/Admin/Documents/projetDecouverte/ProjetExplorateur/Content/Sprite/BackGround/Background_lake_Sprite.uasset" 490
"C:/Users/Admin/Documents/projetDecouverte/ProjetExplorateur/Content/Map/TableauD2_BuiltData.uasset" 491
"C:/Users/Admin/Documents/projetDecouverte/ProjetExplorateur/Content/Sprite/Plant5/PLante_lac_1.uasset" 492
"C:/Users/Admin/Documents/projetDecouverte/ProjetExplorateur/Content/Sprite/Plant5/PLante_lac_1_Sprite.uasset" 493
"C:/Users/Admin/Documents/projetDecouverte/ProjetExplorateur/Content/BluePrints/BP_ObjectInterest/Plant5/BPW_UIGoodPlant5.uasset" 494
"C:/Users/Admin/Documents/projetDecouverte/ProjetExplorateur/Content/BluePrints/BP_ObjectInterest/Plant5/BP_Plant5.uasset" 495
"C:/Users/Admin/Documents/projetDecouverte/ProjetExplorateur/Content/Sprite/Plant_3/Plante_Blue_tulipe.uasset" 496
"C:/Users/Admin/Documents/projetDecouverte/ProjetExplorateur/Content/Sprite/Plant_3/Plante_Blue_tulipe_Sprite.uasset" 497
"C:/Users/Admin/Documents/projetDecouverte/ProjetExplorateur/Content/BluePrints/BP_ObjectInterest/Plant3/BPW_UIPlant3.uasset" 498
"C:/Users/Admin/Documents/projetDecouverte/ProjetExplorateur/Content/BluePrints/BP_ObjectInterest/Plant3/BP_Plant3.uasset" 499
"C:/Users/Admin/Documents/projetDecouverte/ProjetExplorateur/Content/Map/TableauD2.umap" 500
"C:/Users/Admin/Documents/projetDecouverte/ProjetExplorateur/Content/Sprite/Tiles/TilesMap/Tableau_A1.uasset" 501
"C:/Users/Admin/Documents/projetDecouverte/ProjetExplorateur/Content/Sprite/BatteryPack/batterie.uasset" 502
"C:/Users/Admin/Documents/projetDecouverte/ProjetExplorateur/Content/Sprite/BatteryPack/batterie_Sprite.uasset" 503
"C:/Users/Admin/Documents/projetDecouverte/ProjetExplorateur/Content/BluePrints/BP_ObjectInterest/BatteryPack/BPW_UIBatteryPack.uasset" 504
"C:/Users/Admin/Documents/projetDecouverte/ProjetExplorateur/Content/BluePrints/BP_ObjectInterest/BatteryPack/BP_BatteryPack.uasset" 505
"C:/Users/Admin/Documents/projetDecouverte/ProjetExplorateur/Content/Map/TableauA1_BuiltData.uasset" 506
"C:/Users/Admin/Documents/projetDecouverte/ProjetExplorateur/Content/FX/FX_Fireflies/NE_Fireflies_Bleue.uasset" 507
"C:/Users/Admin/Documents/projetDecouverte/ProjetExplorateur/Content/FX/FX_Fireflies/NE_Fireflies_Bleue_System.uasset" 508
"C:/Users/Admin/Documents/projetDecouverte/ProjetExplorateur/Content/Map/TableauA1.umap" 509
"C:/Users/Admin/Documents/projetDecouverte/ProjetExplorateur/Content/Sprite/Tiles/TilesMap/Tableau_B1.uasset" 510
"C:/Users/Admin/Documents/projetDecouverte/ProjetExplorateur/Content/Sprite/Props/Yeux2.uasset" 511
"C:/Users/Admin/Documents/projetDecouverte/ProjetExplorateur/Content/Sprite/Props/Yeux2_Sprite.uasset" 512
"C:/Users/Admin/Documents/projetDecouverte/ProjetExplorateur/Content/Map/TableauB1_BuiltData.uasset" 513
"C:/Users/Admin/Documents/projetDecouverte/ProjetExplorateur/Content/Map/TableauB1.umap" 514
"C:/Users/Admin/Documents/projetDecouverte/ProjetExplorateur/Content/Sprite/Tiles/TilesMap/Tableau_C1.uasset" 515
"C:/Users/Admin/Documents/projetDecouverte/ProjetExplorateur/Content/Map/TableauC1_BuiltData.uasset" 516
"C:/Users/Admin/Documents/projetDecouverte/ProjetExplorateur/Content/Map/TableauC1.umap" 517
"C:/Users/Admin/Documents/projetDecouverte/ProjetExplorateur/Content/Sprite/BackGround/scene_montagne.uasset" 518
"C:/Users/Admin/Documents/projetDecouverte/ProjetExplorateur/Content/Sprite/BackGround/scene_montagne_Sprite.uasset" 519
"C:/Users/Admin/Documents/projetDecouverte/ProjetExplorateur/Content/Sprite/Tiles/Tile_set_montagne_ground_Ethan.uasset" 520
"C:/Users/Admin/Documents/projetDecouverte/ProjetExplorateur/Content/Sprite/Tiles/TileSetMontagneV2.uasset" 521
"C:/Users/Admin/Documents/projetDecouverte/ProjetExplorateur/Content/Sprite/Tiles/TileSetMontagne.uasset" 522
"C:/Users/Admin/Documents/projetDecouverte/ProjetExplorateur/Content/Sprite/Tiles/TilesMap/Tableau_C2D.uasset" 523
"C:/Users/Admin/Documents/projetDecouverte/ProjetExplorateur/Content/Map/TableauC2D1_BuiltData.uasset" 524
"C:/Users/Admin/Documents/projetDecouverte/ProjetExplorateur/Content/Sprite/Plant4/PLante_montagne_1.uasset" 525
"C:/Users/Admin/Documents/projetDecouverte/ProjetExplorateur/Content/Sprite/Plant4/PLante_montagne_1_Sprite.uasset" 526
"C:/Users/Admin/Documents/projetDecouverte/ProjetExplorateur/Content/BluePrints/BP_ObjectInterest/Plant4/BPW_UIPlant4.uasset" 527
"C:/Users/Admin/Documents/projetDecouverte/ProjetExplorateur/Content/BluePrints/BP_ObjectInterest/Plant4/BP_Plant4.uasset" 528
"C:/Users/Admin/Documents/projetDecouverte/ProjetExplorateur/Content/Sprite/StableCell/Stable_cell.uasset" 529
"C:/Users/Admin/Documents/projetDecouverte/ProjetExplorateur/Content/Sprite/StableCell/Stable_cell_Sprite.uasset" 530
"C:/Users/Admin/Documents/projetDecouverte/ProjetExplorateur/Content/BluePrints/BP_ObjectInterest/BatteryStable/BPW_UIBatteryStable.uasset" 531
"C:/Users/Admin/Documents/projetDecouverte/ProjetExplorateur/Content/BluePrints/BP_ObjectInterest/BatteryStable/BP_BatteryStable.uasset" 532
"C:/Users/Admin/Documents/projetDecouverte/ProjetExplorateur/Content/Map/TableauC2D1.umap" 533
"C:/Users/Admin/Documents/projetDecouverte/ProjetExplorateur/Content/Sprite/Tiles/TilesMap/Tableau_D1.uasset" 534
"C:/Users/Admin/Documents/projetDecouverte/ProjetExplorateur/Content/Map/TableauD1_BuiltData.uasset" 535
"C:/Users/Admin/Documents/projetDecouverte/ProjetExplorateur/Content/Map/TableauD1.umap" 536
"C:/Users/Admin/Documents/projetDecouverte/ProjetExplorateur/Content/Sprite/Tiles/TileSet.uasset" 537
"C:/Users/Admin/Documents/projetDecouverte/ProjetExplorateur/Content/Sprite/Tiles/TileSetExplorator.uasset" 538
"C:/Users/Admin/Documents/projetDecouverte/ProjetExplorateur/Content/Sprite/Tiles/TilesMap/Tableau_E1.uasset" 539
"C:/Users/Admin/Documents/projetDecouverte/ProjetExplorateur/Content/Map/TableauE1_BuiltData.uasset" 540
"C:/Users/Admin/Documents/projetDecouverte/ProjetExplorateur/Content/Sprite/UnstableCell/UnStable_cell.uasset" 541
"C:/Users/Admin/Documents/projetDecouverte/ProjetExplorateur/Content/Sprite/UnstableCell/UnStable_cell_Sprite.uasset" 542
"C:/Users/Admin/Documents/projetDecouverte/ProjetExplorateur/Content/BluePrints/BP_ObjectInterest/object4/BPW_UIobject4.uasset" 543
"C:/Users/Admin/Documents/projetDecouverte/ProjetExplorateur/Content/BluePrints/BP_ObjectInterest/object4/BP_object4.uasset" 544
"../../../Engine/Content/EngineMaterials/BaseFlattenNormalMap.uasset" 545
"../../../Engine/Content/EngineMaterials/BaseFlattenGrayscaleMap.uasset" 546
"../../../Engine/Content/EngineMaterials/BaseFlattenEmissiveMap.uasset" 547
"../../../Engine/Content/EngineMaterials/BaseFlattenDiffuseMap.uasset" 548
"../../../Engine/Content/EngineMaterials/BaseFlattenMaterial.uasset" 549
"../../../Engine/Content/BasicShapes/Plane.uasset" 550
"C:/Users/Admin/Documents/projetDecouverte/ProjetExplorateur/Content/Map/TableauE1.umap" 551
"C:/Users/Admin/Documents/projetDecouverte/ProjetExplorateur/Content/Sprite/Tiles/TilesMap/Tableau_E2.uasset" 552
"C:/Users/Admin/Documents/projetDecouverte/ProjetExplorateur/Content/Map/TableauE2_BuiltData.uasset" 553
"C:/Users/Admin/Documents/projetDecouverte/ProjetExplorateur/Content/Map/TableauE2.umap" 554
"C:/Users/Admin/Documents/projetDecouverte/ProjetExplorateur/Content/BluePrints/BP_ObjectInterest/artefact/artefact.uasset" 555
"C:/Users/Admin/Documents/projetDecouverte/ProjetExplorateur/Content/BluePrints/BP_ObjectInterest/artefact/artefact_Sprite.uasset" 556
"C:/Users/Admin/Documents/projetDecouverte/ProjetExplorateur/Content/BluePrints/BP_ObjectInterest/artefact/BPW_UIartefact.uasset" 557
"C:/Users/Admin/Documents/projetDecouverte/ProjetExplorateur/Content/BluePrints/BP_ObjectInterest/artefact/BP_artefact.uasset" 558
"C:/Users/Admin/Documents/projetDecouverte/ProjetExplorateur/Content/Sprite/Tiles/TilesMap/Tableau_Z1.uasset" 559
"C:/Users/Admin/Documents/projetDecouverte/ProjetExplorateur/Content/Map/TableauZ1_BuiltData.uasset" 560
"C:/Users/Admin/Documents/projetDecouverte/ProjetExplorateur/Content/Map/TableauZ1.umap" 561
